HTTP/1.0 200 OK
Content-Length: 28141
Content-Type: image/png
Set-Cookie: your_identifier=0
Date: Sun Sep 23 22:04:50 2018
HTTP/1.0 200 OK
Content-Length: 61699
Content-Type: image/png
Set-Cookie: your_identifier=0
Date: Sun Sep 23 22:05:13 2018
HTTP/1.0 404 NOT FOUND
Set-Cookie: your_identifier=0
Date: Sun Sep 23 22:05:23 2018

HTTP/1.0 200 OK
Content-Length: 88204
Content-Type: image/jpg
Set-Cookie: your_identifier=0
Date: Sun Sep 23 22:05:45 2018
HTTP/1.0 200 OK
Content-Length: 308
Content-Type: text/html
Set-Cookie: your_identifier=0
Date: Sun Sep 23 22:05:59 2018
HTTP/1.0 200 OK
Content-Length: 308
Content-Type: text/html
Set-Cookie: your_identifier=0
Date: Sun Sep 23 22:06:10 2018
HTTP/1.0 200 OK
Content-Length: 308
Content-Type: text/html
Set-Cookie: your_identifier=0
Date: Sun Sep 23 22:06:34 2018
HTTP/1.0 200 OK
Content-Length: 308
Content-Type: text/html
Set-Cookie: your_identifier=0
Date: Sun Sep 23 22:06:34 2018
HTTP/1.0 200 OK
Content-Length: 308
Content-Type: text/html
Set-Cookie: your_identifier=0
Date: Sun Sep 23 22:06:34 2018
HTTP/1.0 200 OK
Content-Length: 308
Content-Type: text/html
Set-Cookie: your_identifier=0
Date: Sun Sep 23 22:06:34 2018
HTTP/1.0 200 OK
Content-Length: 308
Content-Type: text/html
Set-Cookie: your_identifier=0
Date: Sun Sep 23 22:06:34 2018
HTTP/1.0 200 OK
Content-Length: 308
Content-Type: text/html
Set-Cookie: your_identifier=0
Date: Sun Sep 23 22:06:34 2018
HTTP/1.0 200 OK
Content-Length: 308
Content-Type: text/html
Set-Cookie: your_identifier=0
Date: Sun Sep 23 22:06:34 2018
HTTP/1.0 200 OK
Content-Length: 308
Content-Type: text/html
Set-Cookie: your_identifier=0
Date: Sun Sep 23 22:06:34 2018
HTTP/1.0 200 OK
Content-Length: 308
Content-Type: text/html
Set-Cookie: your_identifier=0
Date: Sun Sep 23 22:06:34 2018
HTTP/1.0 200 OK
Content-Length: 308
Content-Type: text/html
Set-Cookie: your_identifier=0
Date: Sun Sep 23 22:06:34 2018
HTTP/1.0 200 OK
Content-Length: 308
Content-Type: text/html
Set-Cookie: your_identifier=0
Date: Sun Sep 23 22:06:34 2018
HTTP/1.0 200 OK
Content-Length: 308
Content-Type: text/html
Set-Cookie: your_identifier=0
Date: Sun Sep 23 22:06:34 2018
HTTP/1.0 200 OK
Content-Length: 308
Content-Type: text/html
Set-Cookie: your_identifier=0
Date: Sun Sep 23 22:06:34 2018
HTTP/1.0 200 OK
Content-Length: 308
Content-Type: text/html
Set-Cookie: your_identifier=0
Date: Sun Sep 23 22:06:34 2018
HTTP/1.0 200 OK
Content-Length: 308
Content-Type: text/html
Set-Cookie: your_identifier=0
Date: Sun Sep 23 22:06:34 2018
HTTP/1.0 200 OK
Content-Length: 308
Content-Type: text/html
Set-Cookie: your_identifier=0
Date: Sun Sep 23 22:06:34 2018
HTTP/1.0 200 OK
Content-Length: 308
Content-Type: text/html
Set-Cookie: your_identifier=0
Date: Sun Sep 23 22:06:34 2018
HTTP/1.0 200 OK
Content-Length: 308
Content-Type: text/html
Set-Cookie: your_identifier=0
Date: Sun Sep 23 22:06:34 2018
HTTP/1.0 200 OK
Content-Length: 308
Content-Type: text/html
Set-Cookie: your_identifier=0
Date: Sun Sep 23 22:06:34 2018
HTTP/1.0 200 OK
Content-Length: 308
Content-Type: text/html
Set-Cookie: your_identifier=0
Date: Sun Sep 23 22:06:34 2018
HTTP/1.0 200 OK
Content-Length: 308
Content-Type: text/html
Set-Cookie: your_identifier=0
Date: Sun Sep 23 22:06:34 2018
HTTP/1.0 200 OK
Content-Length: 308
Content-Type: text/html
Set-Cookie: your_identifier=0
Date: Sun Sep 23 22:06:34 2018
HTTP/1.0 200 OK
Content-Length: 308
Content-Type: text/html
Set-Cookie: your_identifier=0
Date: Sun Sep 23 22:06:34 2018
HTTP/1.0 200 OK
Content-Length: 308
Content-Type: text/html
Set-Cookie: your_identifier=0
Date: Sun Sep 23 22:06:34 2018
HTTP/1.0 200 OK
Content-Length: 308
Content-Type: text/html
Set-Cookie: your_identifier=0
Date: Sun Sep 23 22:06:34 2018
HTTP/1.0 200 OK
Content-Length: 308
Content-Type: text/html
Set-Cookie: your_identifier=0
Date: Sun Sep 23 22:06:34 2018
HTTP/1.0 200 OK
Content-Length: 308
Content-Type: text/html
Set-Cookie: your_identifier=0
Date: Sun Sep 23 22:06:34 2018
HTTP/1.0 200 OK
Content-Length: 308
Content-Type: text/html
Set-Cookie: your_identifier=0
Date: Sun Sep 23 22:06:34 2018
HTTP/1.0 200 OK
Content-Length: 308
Content-Type: text/html
Set-Cookie: your_identifier=0
Date: Sun Sep 23 22:06:34 2018
HTTP/1.0 200 OK
Content-Length: 308
Content-Type: text/html
Set-Cookie: your_identifier=0
Date: Sun Sep 23 22:06:34 2018
HTTP/1.0 200 OK
Content-Length: 308
Content-Type: text/html
Set-Cookie: your_identifier=0
Date: Sun Sep 23 22:06:34 2018
HTTP/1.0 200 OK
Content-Length: 308
Content-Type: text/html
Set-Cookie: your_identifier=0
Date: Sun Sep 23 22:06:34 2018
HTTP/1.0 200 OK
Content-Length: 308
Content-Type: text/html
Set-Cookie: your_identifier=0
Date: Sun Sep 23 22:06:34 2018
HTTP/1.0 200 OK
Content-Length: 308
Content-Type: text/html
Set-Cookie: your_identifier=0
Date: Sun Sep 23 22:06:34 2018
HTTP/1.0 200 OK
Content-Length: 308
Content-Type: text/html
Set-Cookie: your_identifier=0
Date: Sun Sep 23 22:06:34 2018
HTTP/1.0 200 OK
Content-Length: 308
Content-Type: text/html
Set-Cookie: your_identifier=0
Date: Sun Sep 23 22:06:34 2018
HTTP/1.0 200 OK
Content-Length: 308
Content-Type: text/html
Set-Cookie: your_identifier=0
Date: Sun Sep 23 22:06:34 2018
HTTP/1.0 200 OK
Content-Length: 308
Content-Type: text/html
Set-Cookie: your_identifier=0
Date: Sun Sep 23 22:06:34 2018
HTTP/1.0 200 OK
Content-Length: 308
Content-Type: text/html
Set-Cookie: your_identifier=0
Date: Sun Sep 23 22:06:34 2018
HTTP/1.0 200 OK
Content-Length: 308
Content-Type: text/html
Set-Cookie: your_identifier=0
Date: Sun Sep 23 22:06:34 2018
HTTP/1.0 200 OK
Content-Length: 308
Content-Type: text/html
Set-Cookie: your_identifier=0
Date: Sun Sep 23 22:06:34 2018
HTTP/1.0 200 OK
Content-Length: 308
Content-Type: text/html
Set-Cookie: your_identifier=0
Date: Sun Sep 23 22:06:34 2018
HTTP/1.0 200 OK
Content-Length: 308
Content-Type: text/html
Set-Cookie: your_identifier=0
Date: Sun Sep 23 22:06:34 2018
HTTP/1.0 200 OK
Content-Length: 308
Content-Type: text/html
Set-Cookie: your_identifier=0
Date: Sun Sep 23 22:06:34 2018
HTTP/1.0 200 OK
Content-Length: 308
Content-Type: text/html
Set-Cookie: your_identifier=0
Date: Sun Sep 23 22:06:34 2018
HTTP/1.0 200 OK
Content-Length: 308
Content-Type: text/html
Set-Cookie: your_identifier=0
Date: Sun Sep 23 22:06:34 2018
HTTP/1.0 200 OK
Content-Length: 308
Content-Type: text/html
Set-Cookie: your_identifier=0
Date: Sun Sep 23 22:06:34 2018
HTTP/1.0 200 OK
Content-Length: 308
Content-Type: text/html
Set-Cookie: your_identifier=0
Date: Sun Sep 23 22:06:34 2018
HTTP/1.0 200 OK
Content-Length: 308
Content-Type: text/html
Set-Cookie: your_identifier=0
Date: Sun Sep 23 22:06:34 2018
HTTP/1.0 200 OK
Content-Length: 308
Content-Type: text/html
Set-Cookie: your_identifier=0
Date: Sun Sep 23 22:06:34 2018
HTTP/1.0 200 OK
Content-Length: 308
Content-Type: text/html
Set-Cookie: your_identifier=0
Date: Sun Sep 23 22:06:34 2018
HTTP/1.0 200 OK
Content-Length: 308
Content-Type: text/html
Set-Cookie: your_identifier=0
Date: Sun Sep 23 22:06:34 2018
HTTP/1.0 200 OK
Content-Length: 308
Content-Type: text/html
Set-Cookie: your_identifier=0
Date: Sun Sep 23 22:06:34 2018
HTTP/1.0 200 OK
Content-Length: 308
Content-Type: text/html
Set-Cookie: your_identifier=0
Date: Sun Sep 23 22:06:34 2018
HTTP/1.0 200 OK
Content-Length: 308
Content-Type: text/html
Set-Cookie: your_identifier=0
Date: Sun Sep 23 22:06:34 2018
HTTP/1.0 200 OK
Content-Length: 308
Content-Type: text/html
Set-Cookie: your_identifier=0
Date: Sun Sep 23 22:06:34 2018
HTTP/1.0 200 OK
Content-Length: 308
Content-Type: text/html
Set-Cookie: your_identifier=0
Date: Sun Sep 23 22:06:34 2018
HTTP/1.0 200 OK
Content-Length: 308
Content-Type: text/html
Set-Cookie: your_identifier=0
Date: Sun Sep 23 22:06:34 2018
HTTP/1.0 200 OK
Content-Length: 308
Content-Type: text/html
Set-Cookie: your_identifier=0
Date: Sun Sep 23 22:06:34 2018
HTTP/1.0 200 OK
Content-Length: 308
Content-Type: text/html
Set-Cookie: your_identifier=0
Date: Sun Sep 23 22:06:34 2018
HTTP/1.0 200 OK
Content-Length: 308
Content-Type: text/html
Set-Cookie: your_identifier=0
Date: Sun Sep 23 22:06:34 2018
HTTP/1.0 200 OK
Content-Length: 308
Content-Type: text/html
Set-Cookie: your_identifier=0
Date: Sun Sep 23 22:06:34 2018
HTTP/1.0 200 OK
Content-Length: 308
Content-Type: text/html
Set-Cookie: your_identifier=0
Date: Sun Sep 23 22:06:34 2018
HTTP/1.0 200 OK
Content-Length: 308
Content-Type: text/html
Set-Cookie: your_identifier=0
Date: Sun Sep 23 22:06:34 2018
HTTP/1.0 200 OK
Content-Length: 308
Content-Type: text/html
Set-Cookie: your_identifier=0
Date: Sun Sep 23 22:06:34 2018
HTTP/1.0 200 OK
Content-Length: 308
Content-Type: text/html
Set-Cookie: your_identifier=0
Date: Sun Sep 23 22:06:34 2018
HTTP/1.0 200 OK
Content-Length: 308
Content-Type: text/html
Set-Cookie: your_identifier=0
Date: Sun Sep 23 22:06:34 2018
HTTP/1.0 200 OK
Content-Length: 308
Content-Type: text/html
Set-Cookie: your_identifier=0
Date: Sun Sep 23 22:06:34 2018
HTTP/1.0 200 OK
Content-Length: 308
Content-Type: text/html
Set-Cookie: your_identifier=0
Date: Sun Sep 23 22:06:34 2018
HTTP/1.0 200 OK
Content-Length: 308
Content-Type: text/html
Set-Cookie: your_identifier=0
Date: Sun Sep 23 22:06:34 2018
HTTP/1.0 200 OK
Content-Length: 308
Content-Type: text/html
Set-Cookie: your_identifier=0
Date: Sun Sep 23 22:06:34 2018
HTTP/1.0 200 OK
Content-Length: 308
Content-Type: text/html
Set-Cookie: your_identifier=0
Date: Sun Sep 23 22:06:34 2018
HTTP/1.0 200 OK
Content-Length: 308
Content-Type: text/html
Set-Cookie: your_identifier=0
Date: Sun Sep 23 22:06:34 2018
HTTP/1.0 200 OK
Content-Length: 308
Content-Type: text/html
Set-Cookie: your_identifier=0
Date: Sun Sep 23 22:06:34 2018
HTTP/1.0 200 OK
Content-Length: 308
Content-Type: text/html
Set-Cookie: your_identifier=0
Date: Sun Sep 23 22:06:34 2018
HTTP/1.0 200 OK
Content-Length: 308
Content-Type: text/html
Set-Cookie: your_identifier=0
Date: Sun Sep 23 22:06:34 2018
HTTP/1.0 200 OK
Content-Length: 308
Content-Type: text/html
Set-Cookie: your_identifier=0
Date: Sun Sep 23 22:06:34 2018
HTTP/1.0 200 OK
Content-Length: 308
Content-Type: text/html
Set-Cookie: your_identifier=0
Date: Sun Sep 23 22:06:34 2018
HTTP/1.0 200 OK
Content-Length: 308
Content-Type: text/html
Set-Cookie: your_identifier=0
Date: Sun Sep 23 22:06:34 2018
HTTP/1.0 200 OK
Content-Length: 308
Content-Type: text/html
Set-Cookie: your_identifier=0
Date: Sun Sep 23 22:06:34 2018
HTTP/1.0 200 OK
Content-Length: 308
Content-Type: text/html
Set-Cookie: your_identifier=0
Date: Sun Sep 23 22:06:34 2018
HTTP/1.0 200 OK
Content-Length: 308
Content-Type: text/html
Set-Cookie: your_identifier=0
Date: Sun Sep 23 22:06:34 2018
HTTP/1.0 200 OK
Content-Length: 308
Content-Type: text/html
Set-Cookie: your_identifier=0
Date: Sun Sep 23 22:06:34 2018
HTTP/1.0 200 OK
Content-Length: 308
Content-Type: text/html
Set-Cookie: your_identifier=0
Date: Sun Sep 23 22:06:34 2018
HTTP/1.0 200 OK
Content-Length: 308
Content-Type: text/html
Set-Cookie: your_identifier=0
Date: Sun Sep 23 22:06:34 2018
HTTP/1.0 200 OK
Content-Length: 308
Content-Type: text/html
Set-Cookie: your_identifier=0
Date: Sun Sep 23 22:06:34 2018
HTTP/1.0 200 OK
Content-Length: 308
Content-Type: text/html
Set-Cookie: your_identifier=0
Date: Sun Sep 23 22:06:34 2018
HTTP/1.0 200 OK
Content-Length: 308
Content-Type: text/html
Set-Cookie: your_identifier=0
Date: Sun Sep 23 22:06:34 2018
HTTP/1.0 200 OK
Content-Length: 308
Content-Type: text/html
Set-Cookie: your_identifier=0
Date: Sun Sep 23 22:06:34 2018
HTTP/1.0 200 OK
Content-Length: 308
Content-Type: text/html
Set-Cookie: your_identifier=0
Date: Sun Sep 23 22:06:34 2018
HTTP/1.0 200 OK
Content-Length: 308
Content-Type: text/html
Set-Cookie: your_identifier=0
Date: Sun Sep 23 22:06:34 2018
HTTP/1.0 200 OK
Content-Length: 308
Content-Type: text/html
Set-Cookie: your_identifier=0
Date: Sun Sep 23 22:06:34 2018
HTTP/1.0 200 OK
Content-Length: 308
Content-Type: text/html
Set-Cookie: your_identifier=0
Date: Sun Sep 23 22:06:34 2018
HTTP/1.0 200 OK
Content-Length: 308
Content-Type: text/html
Set-Cookie: your_identifier=0
Date: Sun Sep 23 22:06:34 2018
HTTP/1.0 200 OK
Content-Length: 308
Content-Type: text/html
Set-Cookie: your_identifier=0
Date: Sun Sep 23 22:06:34 2018
HTTP/1.0 200 OK
Content-Length: 308
Content-Type: text/html
Set-Cookie: your_identifier=0
Date: Sun Sep 23 22:06:34 2018
HTTP/1.0 200 OK
Content-Length: 308
Content-Type: text/html
Set-Cookie: your_identifier=0
Date: Sun Sep 23 22:06:34 2018
HTTP/1.0 429 TOO MANY REQUESTS
HTTP/1.0 429 TOO MANY REQUESTS
HTTP/1.0 429 TOO MANY REQUESTS
